  gamestate.cpp
C:\Users\wassimSDN\Documents\GitHub\slib\Classic Snake\gamestate.cpp(40,48): warning C4244: 'argument': conversion from 'int' to 'float', possible loss of data
C:\Users\wassimSDN\Documents\GitHub\slib\Classic Snake\gamestate.cpp(41,26): warning C4244: 'initializing': conversion from 'int' to 'float', possible loss of data
C:\Users\wassimSDN\Documents\GitHub\slib\Classic Snake\gamestate.cpp(48,30): warning C4244: 'argument': conversion from 'int' to 'float', possible loss of data
C:\Users\wassimSDN\Documents\GitHub\slib\Classic Snake\gamestate.cpp(49,26): warning C4244: 'initializing': conversion from 'int' to 'float', possible loss of data
C:\Users\wassimSDN\Documents\GitHub\slib\Classic Snake\gamestate.cpp(56,33): warning C4244: 'argument': conversion from 'int' to 'float', possible loss of data
C:\Users\wassimSDN\Documents\GitHub\slib\Classic Snake\gamestate.cpp(56,30): warning C4244: 'argument': conversion from 'int' to 'float', possible loss of data
C:\Users\wassimSDN\Documents\GitHub\slib\Classic Snake\gamestate.cpp(90,13): warning C4244: 'argument': conversion from 'time_t' to 'unsigned int', possible loss of data
C:\Users\wassimSDN\Documents\GitHub\slib\Classic Snake\gamestate.cpp(147,34): warning C4267: 'argument': conversion from 'size_t' to 'int', possible loss of data
C:\Users\wassimSDN\Documents\GitHub\slib\Classic Snake\gamestate.cpp(179,24): warning C4244: '=': conversion from 'SnakeGame::SnakeDirection' to 'float', possible loss of data
C:\Users\wassimSDN\Documents\GitHub\slib\Classic Snake\gamestate.cpp(187,24): warning C4244: '=': conversion from 'SnakeGame::SnakeDirection' to 'float', possible loss of data
C:\Users\wassimSDN\Documents\GitHub\slib\Classic Snake\gamestate.cpp(195,24): warning C4244: '=': conversion from 'SnakeGame::SnakeDirection' to 'float', possible loss of data
C:\Users\wassimSDN\Documents\GitHub\slib\Classic Snake\gamestate.cpp(203,24): warning C4244: '=': conversion from 'SnakeGame::SnakeDirection' to 'float', possible loss of data
C:\Users\wassimSDN\Documents\GitHub\slib\Classic Snake\gamestate.cpp(218,35): warning C4267: 'argument': conversion from 'size_t' to 'int', possible loss of data
C:\Users\wassimSDN\Documents\GitHub\slib\Classic Snake\gamestate.cpp(239,15): warning C4267: 'initializing': conversion from 'size_t' to 'int', possible loss of data
C:\Users\wassimSDN\Documents\GitHub\slib\Classic Snake\gamestate.cpp(268,33): warning C4267: '=': conversion from 'size_t' to 'int', possible loss of data
  main.cpp
  Generating Code...
  slib.lib(slib_hitbox.obj) : MSIL .netmodule or module compiled with /GL found; restarting link with /LTCG; add /LTCG to the link command line to improve linker performance
LINK : warning LNK4075: ignoring '/INCREMENTAL' due to '/LTCG' specification
slib.lib(slib_hitbox.obj) : error LNK2038: mismatch detected for '_ITERATOR_DEBUG_LEVEL': value '0' doesn't match value '2' in gamestate.obj
slib.lib(slib_hitbox.obj) : error LNK2038: mismatch detected for 'RuntimeLibrary': value 'MD_DynamicRelease' doesn't match value 'MDd_DynamicDebug' in gamestate.obj
slib.lib(slib_app.obj) : error LNK2038: mismatch detected for '_ITERATOR_DEBUG_LEVEL': value '0' doesn't match value '2' in gamestate.obj
slib.lib(slib_app.obj) : error LNK2038: mismatch detected for 'RuntimeLibrary': value 'MD_DynamicRelease' doesn't match value 'MDd_DynamicDebug' in gamestate.obj
slib.lib(slib_draw.obj) : error LNK2038: mismatch detected for '_ITERATOR_DEBUG_LEVEL': value '0' doesn't match value '2' in gamestate.obj
slib.lib(slib_draw.obj) : error LNK2038: mismatch detected for 'RuntimeLibrary': value 'MD_DynamicRelease' doesn't match value 'MDd_DynamicDebug' in gamestate.obj
slib.lib(slib_sound.obj) : error LNK2038: mismatch detected for '_ITERATOR_DEBUG_LEVEL': value '0' doesn't match value '2' in gamestate.obj
slib.lib(slib_sound.obj) : error LNK2038: mismatch detected for 'RuntimeLibrary': value 'MD_DynamicRelease' doesn't match value 'MDd_DynamicDebug' in gamestate.obj
slib.lib(slib_utilities.obj) : error LNK2038: mismatch detected for '_ITERATOR_DEBUG_LEVEL': value '0' doesn't match value '2' in gamestate.obj
slib.lib(slib_utilities.obj) : error LNK2038: mismatch detected for 'RuntimeLibrary': value 'MD_DynamicRelease' doesn't match value 'MDd_DynamicDebug' in gamestate.obj
LINK : warning LNK4098: defaultlib 'MSVCRT' conflicts with use of other libs; use /NODEFAULTLIB:library
C:\Users\wassimSDN\Documents\GitHub\slib\x64\Debug\Classic Snake.exe : fatal error LNK1319: 10 mismatches detected
