c:\users\wassimsdn\desktop\stat\slibdll\classic snake\x64\release\vc143.pdb
c:\users\wassimsdn\desktop\stat\slibdll\classic snake\x64\release\main.obj
c:\users\wassimsdn\desktop\stat\slibdll\classic snake\x64\release\gamestate.obj
c:\users\wassimsdn\desktop\stat\slibdll\x64\release\classic snake.exe
c:\users\wassimsdn\desktop\stat\slibdll\x64\release\classic snake.pdb
c:\users\wassimsdn\desktop\stat\slibdll\classic snake\x64\release\classic snake.ipdb
c:\users\wassimsdn\desktop\stat\slibdll\classic snake\x64\release\classic snake.iobj
c:\users\wassimsdn\documents\github\slib\classic snake\x64\release\gamestate.obj
c:\users\wassimsdn\documents\github\slib\classic snake\x64\release\main.obj
c:\users\wassimsdn\documents\github\slib\classic snake\x64\release\classic snake.ipdb
c:\users\wassimsdn\documents\github\slib\classic snake\x64\release\classic snake.iobj
c:\users\wassimsdn\documents\github\slib\classic snake\x64\release\vc143.pdb
c:\users\wassimsdn\documents\github\slib\x64\release\classic snake.pdb
c:\users\wassimsdn\documents\github\slib\x64\release\classic snake.exe
c:\users\wassimsdn\documents\github\slib\classic snake\x64\release\classic snake.tlog\cl.command.1.tlog
c:\users\wassimsdn\documents\github\slib\classic snake\x64\release\classic snake.tlog\cl.items.tlog
c:\users\wassimsdn\documents\github\slib\classic snake\x64\release\classic snake.tlog\cl.read.1.tlog
c:\users\wassimsdn\documents\github\slib\classic snake\x64\release\classic snake.tlog\cl.write.1.tlog
c:\users\wassimsdn\documents\github\slib\classic snake\x64\release\classic snake.tlog\link.command.1.tlog
c:\users\wassimsdn\documents\github\slib\classic snake\x64\release\classic snake.tlog\link.read.1.tlog
c:\users\wassimsdn\documents\github\slib\classic snake\x64\release\classic snake.tlog\link.secondary.1.tlog
c:\users\wassimsdn\documents\github\slib\classic snake\x64\release\classic snake.tlog\link.write.1.tlog
