c:\users\wassimsdn\desktop\stat\slibdll\slibdll\x64\debug\slibdll.pch
c:\users\wassimsdn\desktop\stat\slibdll\slibdll\x64\debug\vc143.pdb
c:\users\wassimsdn\desktop\stat\slibdll\slibdll\x64\debug\vc143.idb
c:\users\wassimsdn\desktop\stat\slibdll\slibdll\x64\debug\pch.obj
c:\users\wassimsdn\desktop\stat\slibdll\slibdll\x64\debug\slib_sound.obj
c:\users\wassimsdn\desktop\stat\slibdll\slibdll\x64\debug\slib_scene.obj
c:\users\wassimsdn\desktop\stat\slibdll\slibdll\x64\debug\slib_hitbox.obj
c:\users\wassimsdn\desktop\stat\slibdll\slibdll\x64\debug\slib_draw.obj
c:\users\wassimsdn\desktop\stat\slibdll\slibdll\x64\debug\slib_default_ressources.obj
c:\users\wassimsdn\desktop\stat\slibdll\slibdll\x64\debug\slib_app.obj
c:\users\wassimsdn\desktop\stat\slibdll\slibdll\x64\debug\slib_animation.obj
c:\users\wassimsdn\desktop\stat\slibdll\slibdll\x64\debug\slib.obj
c:\users\wassimsdn\desktop\stat\slibdll\slibdll\x64\debug\dllmain.obj
c:\users\wassimsdn\desktop\stat\slibdll\x64\debug\slibdll.dll
c:\users\wassimsdn\desktop\stat\slibdll\x64\debug\slibdll.pdb
c:\users\wassimsdn\desktop\stat\slibdll\slibdll\x64\debug\slibdll.ilk
c:\users\wassimsdn\desktop\stat\slibdll\slibdll\x64\debug\slibdll.tlog\cl.command.1.tlog
c:\users\wassimsdn\desktop\stat\slibdll\slibdll\x64\debug\slibdll.tlog\cl.items.tlog
c:\users\wassimsdn\desktop\stat\slibdll\slibdll\x64\debug\slibdll.tlog\cl.read.1.tlog
c:\users\wassimsdn\desktop\stat\slibdll\slibdll\x64\debug\slibdll.tlog\cl.write.1.tlog
c:\users\wassimsdn\desktop\stat\slibdll\slibdll\x64\debug\slibdll.tlog\link.9356-cvtres.read.1.tlog
c:\users\wassimsdn\desktop\stat\slibdll\slibdll\x64\debug\slibdll.tlog\link.9356-cvtres.write.1.tlog
c:\users\wassimsdn\desktop\stat\slibdll\slibdll\x64\debug\slibdll.tlog\link.9356-rc.read.1.tlog
c:\users\wassimsdn\desktop\stat\slibdll\slibdll\x64\debug\slibdll.tlog\link.9356-rc.write.1.tlog
c:\users\wassimsdn\desktop\stat\slibdll\slibdll\x64\debug\slibdll.tlog\link.9356.read.1.tlog
c:\users\wassimsdn\desktop\stat\slibdll\slibdll\x64\debug\slibdll.tlog\link.9356.read.2.tlog
c:\users\wassimsdn\desktop\stat\slibdll\slibdll\x64\debug\slibdll.tlog\link.9356.read.3.tlog
c:\users\wassimsdn\desktop\stat\slibdll\slibdll\x64\debug\slibdll.tlog\link.9356.read.4.tlog
c:\users\wassimsdn\desktop\stat\slibdll\slibdll\x64\debug\slibdll.tlog\link.9356.write.1.tlog
c:\users\wassimsdn\desktop\stat\slibdll\slibdll\x64\debug\slibdll.tlog\link.command.1.tlog
c:\users\wassimsdn\desktop\stat\slibdll\slibdll\x64\debug\slibdll.tlog\link.read.1.tlog
c:\users\wassimsdn\desktop\stat\slibdll\slibdll\x64\debug\slibdll.tlog\link.secondary.1.tlog
c:\users\wassimsdn\desktop\stat\slibdll\slibdll\x64\debug\slibdll.tlog\link.write.1.tlog
